<?xml version="1.0" encoding="utf-8"?>
<testsuites time="1.086" tests="7" failures="5">
  <testsuite id="0" name="Source.TestSubmission.dll" tests="7" failures="5" time="1.086">
    <testcase classname="Codenation.Challenge.QuoteControllerTest" name="Codenation.Challenge.QuoteControllerTest.Should_Returns_Not_Found_When_Get_Any_Quote_By_Non_Exists_Actor" time="0.5300000">
      <error message="Assert.IsType() Failure&#xD;&#xA;Expected: Microsoft.AspNetCore.Mvc.NotFoundResult&#xD;&#xA;Actual:   Microsoft.AspNetCore.Mvc.OkObjectResult">   at Codenation.Challenge.QuoteControllerTest.Should_Returns_Not_Found_When_Get_Any_Quote_By_Non_Exists_Actor() in C:\Users\willi\codenation\csharp-5\Source.TestSubmission\QuoteControllerTest.cs:line 78</error>
    </testcase>
    <testcase classname="Codenation.Challenge.QuoteControllerTest" name="Codenation.Challenge.QuoteControllerTest.Should_Returns_Random_Quote_When_Get_Any" time="0.0050000">
      <error message="System.NullReferenceException : Object reference not set to an instance of an object.">   at Codenation.Challenge.QuoteControllerTest.Should_Returns_Random_Quote_When_Get_Any() in C:\Users\willi\codenation\csharp-5\Source.TestSubmission\QuoteControllerTest.cs:line 49</error>
    </testcase>
    <testcase classname="Codenation.Challenge.QuoteControllerTest" name="Codenation.Challenge.QuoteControllerTest.Should_Returns_Random_Quote_When_Get_Any_By_Actor" time="0.0020000">
      <error message="System.NullReferenceException : Object reference not set to an instance of an object.">   at Codenation.Challenge.QuoteControllerTest.Should_Returns_Random_Quote_When_Get_Any_By_Actor() in C:\Users\willi\codenation\csharp-5\Source.TestSubmission\QuoteControllerTest.cs:line 65</error>
    </testcase>
    <testcase classname="Codenation.Challenge.QuoteServiceTest" name="Codenation.Challenge.QuoteServiceTest.Should_Returns_Any_Quote_When_Get_Any_Quote" time="0.5300000">
      <error message="Assert.NotNull() Failure">   at Codenation.Challenge.QuoteServiceTest.Should_Returns_Any_Quote_When_Get_Any_Quote() in C:\Users\willi\codenation\csharp-5\Source.TestSubmission\QuoteServiceTest.cs:line 44</error>
    </testcase>
    <testcase classname="Codenation.Challenge.QuoteServiceTest" name="Codenation.Challenge.QuoteServiceTest.Should_Returns_Null_When_Get_Any_Quote_By_Non_Exists_Actor" time="0.0020000" />
    <testcase classname="Codenation.Challenge.QuoteServiceTest" name="Codenation.Challenge.QuoteServiceTest.Should_Returns_Any_Quote_When_Get_Any_Quote_By_Actor" time="0.0020000">
      <error message="Assert.NotNull() Failure">   at Codenation.Challenge.QuoteServiceTest.Should_Returns_Any_Quote_When_Get_Any_Quote_By_Actor() in C:\Users\willi\codenation\csharp-5\Source.TestSubmission\QuoteServiceTest.cs:line 58</error>
    </testcase>
    <testcase classname="Codenation.Challenge.RandomServiceTest" name="Codenation.Challenge.RandomServiceTest.Should_Generate_Random_Number_When_Get_Random_Integer" time="0.0150000" />
  </testsuite>
</testsuites>